<?xml version="1.0" encoding="UTF-8"?>
<!-- Generated by org.testng.reporters.JUnitReportReporter -->
<testsuite hostname="Kirti" failures="0" tests="4" name="testngTest.Test456" time="8.316" errors="0" timestamp="2023-07-16T12:52:28 IST" skipped="0">
  <testcase classname="testngTest.Test456" name="test" time="2.515"/>
  <system-out/>
  <testcase classname="testngTest.Test456" name="test1" time="0.804"/>
  <system-out/>
  <testcase classname="testngTest.Test456" name="test2" time="4.367"/>
  <system-out/>
  <testcase classname="testngTest.Test456" name="test3" time="0.630"/>
  <system-out/>
</testsuite> <!-- testngTest.Test456 -->
