<?xml version="1.0" encoding="UTF-8"?>
<!-- Generated by org.testng.reporters.JUnitReportReporter -->
<testsuite hostname="Kirti" failures="0" tests="4" name="testngTest.Test123" time="7.178" errors="0" timestamp="2023-07-16T12:52:28 IST" skipped="0">
  <testcase classname="testngTest.Test123" name="test1" time="0.507"/>
  <system-out/>
  <testcase classname="testngTest.Test123" name="test3" time="2.388"/>
  <system-out/>
  <testcase classname="testngTest.Test123" name="test2" time="0.742"/>
  <system-out/>
  <testcase classname="testngTest.Test123" name="test" time="3.541"/>
  <system-out/>
</testsuite> <!-- testngTest.Test123 -->
